IBS Compilers Installer Log
Platform: Linux (Linux x86_64)
============================================================

Python: 3.12.3

[SECTION] FreeTDS Installation
[SUCCESS] FreeTDS already installed
[INFO] Running: tsql -C
[INFO] FreeTDS version info:
Compile-time settings (established with the "configure" script)
                            Version: freetds v1.3.17
             freetds.conf directory: /etc/freetds
     MS db-lib source compatibility: no
        Sybase binary compatibility: yes
                      Thread safety: yes
                      iconv library: yes
                        TDS version: auto
                              iODBC: no
                           unixodbc: yes
              SSPI "trusted" logins: no
                           Kerberos: yes
                            OpenSSL: no
                             GnuTLS: yes
                               MARS: yes

[SECTION] Vim Installation
[SUCCESS] vim already installed: /usr/bin/vim
[SECTION] Python Packages Installation
[STEP] pip not found, installing via apt...
[INFO] Running: sudo apt install -y python3-pip
[SUCCESS] pip installed successfully
[SUBSECTION] Upgrading pip
[INFO] Running: /usr/bin/python3 -m pip install --upgrade pip
[ERROR] Command failed with exit code 1
[WARN] pip upgrade failed (continuing anyway): Command '['/usr/bin/python3', '-m', 'pip', 'install', '--upgrade', 'pip']' returned non-zero exit status 1.
[SUBSECTION] Installing IBS Compilers package
[INFO] Running: /usr/bin/python3 -m pip install -e /home/jake/compilers/src
[ERROR] Command failed with exit code 1
[ERROR] Package installation failed: Command '['/usr/bin/python3', '-m', 'pip', 'install', '-e', '/home/jake/compilers/src']' returned non-zero exit status 1.
[WARN] Python package installation had issues
[SECTION] Settings Configuration
[SUCCESS] Settings file exists: /home/jake/compilers/settings.json
[SUCCESS] Found 0 profile(s) in settings.json
[SECTION] Shell Configuration
[INFO] Shell: /bin/bash
[INFO] Config file: /home/jake/.bashrc
[SUCCESS] Added PATH export to /home/jake/.bashrc
[SECTION] Verifying Installation
[WARN] set_profile not found in PATH after sourcing config
[SECTION] Installation Summary
[WARN] Some components may need attention - see above
